<?xml version="1.0" encoding="UTF-8"?>
<testsuite name="SILab2Test" tests="1" skipped="0" failures="0" errors="0" timestamp="2022-05-26T00:04:44" hostname="ALEK-PC" time="0.028">
  <properties/>
  <testcase name="testEveryStatement()" classname="SILab2Test" time="0.028"/>
  <system-out><![CDATA[]]></system-out>
  <system-err><![CDATA[]]></system-err>
</testsuite>
